This is pdfTeX, Version 3.14159265-2.6-1.40.15 (TeX Live 2014) (preloaded format=pdflatex 2014.5.25)  14 APR 2015 20:54
entering extended mode
 restricted \write18 enabled.
 %&-line parsing enabled.
**verp.tex
(./verp.tex
LaTeX2e <2014/05/01>
Babel <3.9k> and hyphenation patterns for 78 languages loaded.
(./sigchi.cls (/usr/local/texlive/2014/texmf-dist/tex/latex/graphics/epsfig.sty
Package: epsfig 1999/02/16 v1.7a (e)psfig emulation (SPQR)
(/usr/local/texlive/2014/texmf-dist/tex/latex/graphics/graphicx.sty
Package: graphicx 2014/04/25 v1.0g Enhanced LaTeX Graphics (DPC,SPQR)

(/usr/local/texlive/2014/texmf-dist/tex/latex/graphics/keyval.sty
Package: keyval 2014/05/08 v1.15 key=value parser (DPC)
\KV@toks@=\toks14
)
(/usr/local/texlive/2014/texmf-dist/tex/latex/graphics/graphics.sty
Package: graphics 2009/02/05 v1.0o Standard LaTeX Graphics (DPC,SPQR)

(/usr/local/texlive/2014/texmf-dist/tex/latex/graphics/trig.sty
Package: trig 1999/03/16 v1.09 sin cos tan (DPC)
)
(/usr/local/texlive/2014/texmf-dist/tex/latex/latexconfig/graphics.cfg
File: graphics.cfg 2010/04/23 v1.9 graphics configuration of TeX Live
)
Package graphics Info: Driver file: pdftex.def on input line 91.

(/usr/local/texlive/2014/texmf-dist/tex/latex/pdftex-def/pdftex.def
File: pdftex.def 2011/05/27 v0.06d Graphics/color for pdfTeX

(/usr/local/texlive/2014/texmf-dist/tex/generic/oberdiek/infwarerr.sty
Package: infwarerr 2010/04/08 v1.3 Providing info/warning/error messages (HO)
)
(/usr/local/texlive/2014/texmf-dist/tex/generic/oberdiek/ltxcmds.sty
Package: ltxcmds 2011/11/09 v1.22 LaTeX kernel commands for general use (HO)
)
\Gread@gobject=\count79
))
\Gin@req@height=\dimen102
\Gin@req@width=\dimen103
)
\epsfxsize=\dimen104
\epsfysize=\dimen105
)
(/usr/local/texlive/2014/texmf-dist/tex/latex/amsfonts/amssymb.sty
Package: amssymb 2013/01/14 v3.01 AMS font symbols

(/usr/local/texlive/2014/texmf-dist/tex/latex/amsfonts/amsfonts.sty
Package: amsfonts 2013/01/14 v3.01 Basic AMSFonts support
\@emptytoks=\toks15
\symAMSa=\mathgroup4
\symAMSb=\mathgroup5
LaTeX Font Info:    Overwriting math alphabet `\mathfrak' in version `bold'
(Font)                  U/euf/m/n --> U/euf/b/n on input line 106.
))
(/usr/local/texlive/2014/texmf-dist/tex/latex/amsmath/amsmath.sty
Package: amsmath 2013/01/14 v2.14 AMS math features
\@mathmargin=\skip41

For additional information on amsmath, use the `?' option.
(/usr/local/texlive/2014/texmf-dist/tex/latex/amsmath/amstext.sty
Package: amstext 2000/06/29 v2.01

(/usr/local/texlive/2014/texmf-dist/tex/latex/amsmath/amsgen.sty
File: amsgen.sty 1999/11/30 v2.0
\@emptytoks=\toks16
\ex@=\dimen106
))
(/usr/local/texlive/2014/texmf-dist/tex/latex/amsmath/amsbsy.sty
Package: amsbsy 1999/11/29 v1.2d
\pmbraise@=\dimen107
)
(/usr/local/texlive/2014/texmf-dist/tex/latex/amsmath/amsopn.sty
Package: amsopn 1999/12/14 v2.01 operator names
)
\inf@bad=\count80
LaTeX Info: Redefining \frac on input line 210.
\uproot@=\count81
\leftroot@=\count82
LaTeX Info: Redefining \overline on input line 306.
\classnum@=\count83
\DOTSCASE@=\count84
LaTeX Info: Redefining \ldots on input line 378.
LaTeX Info: Redefining \dots on input line 381.
LaTeX Info: Redefining \cdots on input line 466.
\Mathstrutbox@=\box26
\strutbox@=\box27
\big@size=\dimen108
LaTeX Font Info:    Redeclaring font encoding OML on input line 566.
LaTeX Font Info:    Redeclaring font encoding OMS on input line 567.
\macc@depth=\count85
\c@MaxMatrixCols=\count86
\dotsspace@=\muskip10
\c@parentequation=\count87
\dspbrk@lvl=\count88
\tag@help=\toks17
\row@=\count89
\column@=\count90
\maxfields@=\count91
\andhelp@=\toks18
\eqnshift@=\dimen109
\alignsep@=\dimen110
\tagshift@=\dimen111
\tagwidth@=\dimen112
\totwidth@=\dimen113
\lineht@=\dimen114
\@envbody=\toks19
\multlinegap=\skip42
\multlinetaggap=\skip43
\mathdisplay@stack=\toks20
LaTeX Info: Redefining \[ on input line 2665.
LaTeX Info: Redefining \] on input line 2666.
)
Document Class sigchi' <July 30, 2014>. Updated for chi 2014 based on chi2012.c
ls by William Hudson and Jean-Daniel Fekete.
Document Class `chi2011' <October 19, 2010>. Tweaked by Manas Tungare.
Shamelessly copied from
`chiproceedings' <7th Sep. '00>. Modified by Jan O. Borchers
`acm_proc_article-sp' <2nd. October '02>. Modified by G.K.M. Tobin
`acmconf' <22 May 89>. Hacked 4/91 by shivers@cs.cmu.edu, 4/93 by theobald@cs.m
cgill.ca
Excerpts were taken from (Journal Style) 'esub2acm.cls'.
\footheight=\dimen115
\@maxsep=\dimen116
\@dblmaxsep=\dimen117
\aucount=\count92
\originalaucount=\count93
\auwidth=\dimen118
\auskip=\dimen119
\auskipcount=\count94
\auskip=\dimen120
\allauboxes=\dimen121
\addauthors=\toks21
\subtitletext=\toks22
\savesection=\count95
\sectioncntr=\count96
\c@figure=\count97
\c@table=\count98
\teaserspace=\skip44
\titleboxnotes=\toks23
\titleboxnoteflag=\count99
Document Class: sigchi 2011/06/06 - V0.16
(/usr/local/texlive/2014/texmf-dist/tex/latex/base/latexsym.sty
Package: latexsym 1998/08/17 v2.2e Standard LaTeX package (lasy symbols)
\symlasy=\mathgroup6
LaTeX Font Info:    Overwriting symbol font `lasy' in version `bold'
(Font)                  U/lasy/m/n --> U/lasy/b/n on input line 47.
)
\titlenotecount=\count100
\tntoks=\toks24
\tntokstwo=\toks25
\tntoksthree=\toks26
\tntoksfour=\toks27
\tntoksfive=\toks28
\catcount=\count101
\copyrightnotice=\toks29
\c@copyrightbox=\count102
\conf=\toks30
\confinfo=\toks31
\c@part=\count103
\c@section=\count104
\c@subsection=\count105
\c@subsubsection=\count106
\c@paragraph=\count107

Using 'Abbrev' bibliography style
\bibindent=\dimen122
\bibsep=\skip45
\colcntr=\count108
\savebox=\box28
\copyrtyr=\toks32
\acmcopyr=\toks33
\boilerplate=\toks34
\copyrightetc=\toks35
) (/usr/local/texlive/2014/texmf-dist/tex/latex/preprint/balance.sty
Package: balance 1999/02/23 4.3 (PWD)
\oldvsize=\dimen123
)
(/usr/local/texlive/2014/texmf-dist/tex/latex/psnfss/times.sty
Package: times 2005/04/12 PSNFSS-v9.2a (SPQR) 
)
(/usr/local/texlive/2014/texmf-dist/tex/latex/url/url.sty
\Urlmuskip=\muskip11
Package: url 2013/09/16  ver 3.4  Verb mode for urls, etc.
)
(/usr/local/texlive/2014/texmf-dist/tex/latex/tools/xspace.sty
Package: xspace 2009/10/20 v1.13 Space after command names (DPC,MH)
)
(/usr/local/texlive/2014/texmf-dist/tex/latex/hyperref/hyperref.sty
Package: hyperref 2012/11/06 v6.83m Hypertext links for LaTeX

(/usr/local/texlive/2014/texmf-dist/tex/generic/oberdiek/hobsub-hyperref.sty
Package: hobsub-hyperref 2012/05/28 v1.13 Bundle oberdiek, subset hyperref (HO)


(/usr/local/texlive/2014/texmf-dist/tex/generic/oberdiek/hobsub-generic.sty
Package: hobsub-generic 2012/05/28 v1.13 Bundle oberdiek, subset generic (HO)
Package: hobsub 2012/05/28 v1.13 Construct package bundles (HO)
Package hobsub Info: Skipping package `infwarerr' (already loaded).
Package hobsub Info: Skipping package `ltxcmds' (already loaded).
Package: ifluatex 2010/03/01 v1.3 Provides the ifluatex switch (HO)
Package ifluatex Info: LuaTeX not detected.
Package: ifvtex 2010/03/01 v1.5 Detect VTeX and its facilities (HO)
Package ifvtex Info: VTeX not detected.
Package: intcalc 2007/09/27 v1.1 Expandable calculations with integers (HO)
Package: ifpdf 2011/01/30 v2.3 Provides the ifpdf switch (HO)
Package ifpdf Info: pdfTeX in PDF mode is detected.
Package: etexcmds 2011/02/16 v1.5 Avoid name clashes with e-TeX commands (HO)
Package etexcmds Info: Could not find \expanded.
(etexcmds)             That can mean that you are not using pdfTeX 1.50 or
(etexcmds)             that some package has redefined \expanded.
(etexcmds)             In the latter case, load this package earlier.
Package: kvsetkeys 2012/04/25 v1.16 Key value parser (HO)
Package: kvdefinekeys 2011/04/07 v1.3 Define keys (HO)
Package: pdftexcmds 2011/11/29 v0.20 Utility functions of pdfTeX for LuaTeX (HO
)
Package pdftexcmds Info: LuaTeX not detected.
Package pdftexcmds Info: \pdf@primitive is available.
Package pdftexcmds Info: \pdf@ifprimitive is available.
Package pdftexcmds Info: \pdfdraftmode found.
Package: pdfescape 2011/11/25 v1.13 Implements pdfTeX's escape features (HO)
Package: bigintcalc 2012/04/08 v1.3 Expandable calculations on big integers (HO
)
Package: bitset 2011/01/30 v1.1 Handle bit-vector datatype (HO)
Package: uniquecounter 2011/01/30 v1.2 Provide unlimited unique counter (HO)
)
Package hobsub Info: Skipping package `hobsub' (already loaded).
Package: letltxmacro 2010/09/02 v1.4 Let assignment for LaTeX macros (HO)
Package: hopatch 2012/05/28 v1.2 Wrapper for package hooks (HO)
Package: xcolor-patch 2011/01/30 xcolor patch
Package: atveryend 2011/06/30 v1.8 Hooks at the very end of document (HO)
Package atveryend Info: \enddocument detected (standard20110627).
Package: atbegshi 2011/10/05 v1.16 At begin shipout hook (HO)
Package: refcount 2011/10/16 v3.4 Data extraction from label references (HO)
Package: hycolor 2011/01/30 v1.7 Color options for hyperref/bookmark (HO)
)
(/usr/local/texlive/2014/texmf-dist/tex/generic/ifxetex/ifxetex.sty
Package: ifxetex 2010/09/12 v0.6 Provides ifxetex conditional
)
(/usr/local/texlive/2014/texmf-dist/tex/latex/oberdiek/auxhook.sty
Package: auxhook 2011/03/04 v1.3 Hooks for auxiliary files (HO)
)
(/usr/local/texlive/2014/texmf-dist/tex/latex/oberdiek/kvoptions.sty
Package: kvoptions 2011/06/30 v3.11 Key value format for package options (HO)
)
\@linkdim=\dimen124
\Hy@linkcounter=\count109
\Hy@pagecounter=\count110

(/usr/local/texlive/2014/texmf-dist/tex/latex/hyperref/pd1enc.def
File: pd1enc.def 2012/11/06 v6.83m Hyperref: PDFDocEncoding definition (HO)
)
\Hy@SavedSpaceFactor=\count111

(/usr/local/texlive/2014/texmf-dist/tex/latex/latexconfig/hyperref.cfg
File: hyperref.cfg 2002/06/06 v1.2 hyperref configuration of TeXLive
)
Package hyperref Info: Hyper figures OFF on input line 4443.
Package hyperref Info: Link nesting OFF on input line 4448.
Package hyperref Info: Hyper index ON on input line 4451.
Package hyperref Info: Plain pages OFF on input line 4458.
Package hyperref Info: Backreferencing OFF on input line 4463.
Package hyperref Info: Implicit mode ON; LaTeX internals redefined.
Package hyperref Info: Bookmarks ON on input line 4688.
\c@Hy@tempcnt=\count112
LaTeX Info: Redefining \url on input line 5041.
\XeTeXLinkMargin=\dimen125
\Fld@menulength=\count113
\Field@Width=\dimen126
\Fld@charsize=\dimen127
Package hyperref Info: Hyper figures OFF on input line 6295.
Package hyperref Info: Link nesting OFF on input line 6300.
Package hyperref Info: Hyper index ON on input line 6303.
Package hyperref Info: backreferencing OFF on input line 6310.
Package hyperref Info: Link coloring OFF on input line 6315.
Package hyperref Info: Link coloring with OCG OFF on input line 6320.
Package hyperref Info: PDF/A mode OFF on input line 6325.
LaTeX Info: Redefining \ref on input line 6365.
LaTeX Info: Redefining \pageref on input line 6369.


Package hyperref Warning: Option `pdfpagelabels' is turned off
(hyperref)                because \thepage is undefined.

\c@Item=\count114
\c@Hfootnote=\count115
)

Package hyperref Message: Driver: hpdftex.

(/usr/local/texlive/2014/texmf-dist/tex/latex/hyperref/hpdftex.def
File: hpdftex.def 2012/11/06 v6.83m Hyperref driver for pdfTeX
\Fld@listcount=\count116
\c@bookmark@seq@number=\count117

(/usr/local/texlive/2014/texmf-dist/tex/latex/oberdiek/rerunfilecheck.sty
Package: rerunfilecheck 2011/04/15 v1.7 Rerun checks for auxiliary files (HO)
Package uniquecounter Info: New unique counter `rerunfilecheck' on input line 2
82.
)
\Hy@SectionHShift=\skip46
)
Package hyperref Info: Option `bookmarksnumbered' set `true' on input line 53.
Package hyperref Info: Option `colorlinks' set `true' on input line 53.
Package hyperref Info: Option `breaklinks' set `true' on input line 53.

(./verp.aux)
\openout1 = `verp.aux'.

LaTeX Font Info:    Checking defaults for OML/cmm/m/it on input line 67.
LaTeX Font Info:    ... okay on input line 67.
LaTeX Font Info:    Checking defaults for T1/cmr/m/n on input line 67.
LaTeX Font Info:    ... okay on input line 67.
LaTeX Font Info:    Checking defaults for OT1/cmr/m/n on input line 67.
LaTeX Font Info:    ... okay on input line 67.
LaTeX Font Info:    Checking defaults for OMS/cmsy/m/n on input line 67.
LaTeX Font Info:    ... okay on input line 67.
LaTeX Font Info:    Checking defaults for OMX/cmex/m/n on input line 67.
LaTeX Font Info:    ... okay on input line 67.
LaTeX Font Info:    Checking defaults for U/cmr/m/n on input line 67.
LaTeX Font Info:    ... okay on input line 67.
LaTeX Font Info:    Checking defaults for PD1/pdf/m/n on input line 67.
LaTeX Font Info:    ... okay on input line 67.
LaTeX Font Info:    Try loading font information for OT1+ptm on input line 67.
 (/usr/local/texlive/2014/texmf-dist/tex/latex/psnfss/ot1ptm.fd
File: ot1ptm.fd 2001/06/04 font definitions for OT1/ptm.
)
(/usr/local/texlive/2014/texmf-dist/tex/context/base/supp-pdf.mkii
[Loading MPS to PDF converter (version 2006.09.02).]
\scratchcounter=\count118
\scratchdimen=\dimen128
\scratchbox=\box29
\nofMPsegments=\count119
\nofMParguments=\count120
\everyMPshowfont=\toks36
\MPscratchCnt=\count121
\MPscratchDim=\dimen129
\MPnumerator=\count122
\makeMPintoPDFobject=\count123
\everyMPtoPDFconversion=\toks37
) (/usr/local/texlive/2014/texmf-dist/tex/latex/oberdiek/epstopdf-base.sty
Package: epstopdf-base 2010/02/09 v2.5 Base part for package epstopdf

(/usr/local/texlive/2014/texmf-dist/tex/latex/oberdiek/grfext.sty
Package: grfext 2010/08/19 v1.1 Manage graphics extensions (HO)
)
Package grfext Info: Graphics extension search list:
(grfext)             [.png,.pdf,.jpg,.mps,.jpeg,.jbig2,.jb2,.PNG,.PDF,.JPG,.JPE
G,.JBIG2,.JB2,.eps]
(grfext)             \AppendGraphicsExtensions on input line 452.

(/usr/local/texlive/2014/texmf-dist/tex/latex/latexconfig/epstopdf-sys.cfg
File: epstopdf-sys.cfg 2010/07/13 v1.3 Configuration of (r)epstopdf for TeX Liv
e
))
\AtBeginShipoutBox=\box30

(/usr/local/texlive/2014/texmf-dist/tex/latex/graphics/color.sty
Package: color 2014/04/23 v1.1a Standard LaTeX Color (DPC)

(/usr/local/texlive/2014/texmf-dist/tex/latex/latexconfig/color.cfg
File: color.cfg 2007/01/18 v1.5 color configuration of teTeX/TeXLive
)
Package color Info: Driver file: pdftex.def on input line 137.
)
Package hyperref Info: Link coloring ON on input line 67.

(/usr/local/texlive/2014/texmf-dist/tex/latex/hyperref/nameref.sty
Package: nameref 2012/10/27 v2.43 Cross-referencing by name of section

(/usr/local/texlive/2014/texmf-dist/tex/generic/oberdiek/gettitlestring.sty
Package: gettitlestring 2010/12/03 v1.4 Cleanup title references (HO)
)
\c@section@level=\count124
)
LaTeX Info: Redefining \ref on input line 67.
LaTeX Info: Redefining \pageref on input line 67.
LaTeX Info: Redefining \nameref on input line 67.

(./verp.out) (./verp.out)
\@outlinefile=\write3
\openout3 = `verp.out'.

LaTeX Font Info:    Try loading font information for U+msa on input line 88.

(/usr/local/texlive/2014/texmf-dist/tex/latex/amsfonts/umsa.fd
File: umsa.fd 2013/01/14 v3.01 AMS symbols A
)
LaTeX Font Info:    Try loading font information for U+msb on input line 88.

(/usr/local/texlive/2014/texmf-dist/tex/latex/amsfonts/umsb.fd
File: umsb.fd 2013/01/14 v3.01 AMS symbols B
)
LaTeX Font Info:    Try loading font information for U+lasy on input line 88.

(/usr/local/texlive/2014/texmf-dist/tex/latex/base/ulasy.fd
File: ulasy.fd 1998/08/17 v2.2e LaTeX symbol font definitions
)
Underfull \vbox (badness 1360) has occurred while \output is active []


<figures/interface.pdf, id=84, 478.78876pt x 254.9525pt>
File: figures/interface.pdf Graphic file (type pdf)

<use figures/interface.pdf>
Package pdftex.def Info: figures/interface.pdf used on input line 148.
(pdftex.def)             Requested size: 435.33028pt x 231.8126pt.
LaTeX Font Info:    Font shape `OT1/ptm/bx/n' in size <8> not available
(Font)              Font shape `OT1/ptm/b/n' tried instead on input line 149.
 [1{/usr/local/texlive/2014/texmf-var/fonts/map/pdftex/updmap/pdftex.map}


Non-PDF special ignored!

]
Underfull \hbox (badness 1092) in paragraph at lines 179--184
[]\OT1/ptm/m/n/10 Advances in eye-tracking ca-pa-bil-ity and prac-ti-cal-ity ha
s
 []

Missing character: There is no ‚ in font ptmr7t!
Missing character: There is no Ä in font ptmr7t!
Missing character: There is no ô in font ptmr7t!
Missing character: There is no ‚ in font ptmr7t!
Missing character: There is no Ä in font ptmr7t!
Missing character: There is no î in font ptmr7t!
Missing character: There is no ‚ in font ptmr7t!
Missing character: There is no Ä in font ptmr7t!
Missing character: There is no î in font ptmr7t!

Underfull \vbox (badness 10000) has occurred while \output is active []

pdfTeX warning (ext4): destination with the same identifier (name{page.}) has b
een already used, duplicate ignored
<to be read again> 
                   \relax 
l.231 
       [2 <./figures/interface.pdf>]
Underfull \hbox (badness 1838) in paragraph at lines 235--246
\OT1/ptm/m/n/10 ar-eas [[][]13[][], [][]28[][]] In a re-cur-rence plot, some fu
nc-tion is
 []

<figures/lorenz.pdf, id=162, 681.54625pt x 366.36874pt>
File: figures/lorenz.pdf Graphic file (type pdf)

<use figures/lorenz.pdf>
Package pdftex.def Info: figures/lorenz.pdf used on input line 259.
(pdftex.def)             Requested size: 117.7922pt x 63.31607pt.
 <figures/sine.pdf, id=163, 712.6625pt x 378.41376pt>
File: figures/sine.pdf Graphic file (type pdf)

<use figures/sine.pdf>
Package pdftex.def Info: figures/sine.pdf used on input line 260.
(pdftex.def)             Requested size: 117.7922pt x 62.54527pt.

Underfull \hbox (badness 10000) in paragraph at lines 259--262
[][]
 []

Missing character: There is no ¬ in font ptmr7t!
Missing character: There is no ∞ in font ptmr7t!
File: figures/sine.pdf Graphic file (type pdf)
<use figures/sine.pdf>
Package pdftex.def Info: figures/sine.pdf used on input line 290.
(pdftex.def)             Requested size: 230.46574pt x 122.37096pt.
Missing character: There is no ‚ in font ptmr7t!
Missing character: There is no Ä in font ptmr7t!
Missing character: There is no ô in font ptmr7t!

<figures/rpconstruction.pdf, id=178, 279.0425pt x 208.78pt>
File: figures/rpconstruction.pdf Graphic file (type pdf)

<use figures/rpconstruction.pdf>
Package pdftex.def Info: figures/rpconstruction.pdf used on input line 322.
(pdftex.def)             Requested size: 230.46574pt x 172.43993pt.
pdfTeX warning (ext4): destination with the same identifier (name{page.}) has b
een already used, duplicate ignored
<to be read again> 
                   \relax 
l.329 \section{Design of The VERP Explorer}
                                            [3 <./figures/lorenz.pdf> <./figure
s/sine.pdf> <./figures/rpconstruction.pdf>]
Missing character: There is no ‚ in font ptmr7t!
Missing character: There is no Ä in font ptmr7t!
Missing character: There is no ú in font ptmr7t!
Missing character: There is no ‚ in font ptmr7t!
Missing character: There is no Ä in font ptmr7t!
Missing character: There is no ù in font ptmr7t!

<figures/spatial.pdf, id=301, 518.93875pt x 110.4125pt>
File: figures/spatial.pdf Graphic file (type pdf)

<use figures/spatial.pdf>
Package pdftex.def Info: figures/spatial.pdf used on input line 376.
(pdftex.def)             Requested size: 460.9315pt x 98.07474pt.

Underfull \vbox (badness 10000) has occurred while \output is active []

Missing character: There is no ¬ in font ptmr7t!
Missing character: There is no ∞ in font ptmr7t!
Missing character: There is no ‚ in font ptmr7t!
Missing character: There is no Ä in font ptmr7t!
Missing character: There is no ô in font ptmr7t!

<figures/scanpath.pdf, id=306, 251.94125pt x 161.60374pt>
File: figures/scanpath.pdf Graphic file (type pdf)

<use figures/scanpath.pdf>
Package pdftex.def Info: figures/scanpath.pdf used on input line 415.
(pdftex.def)             Requested size: 256.0748pt x 164.25662pt.

Overfull \hbox (12.09242pt too wide) in paragraph at lines 415--415
 [] 
 []

Missing character: There is no Œ in font ptmr7t!
Missing character: There is no ± in font ptmr7t!
pdfTeX warning (ext4): destination with the same identifier (name{page.}) has b
een already used, duplicate ignored
<to be read again> 
                   \relax 
l.437 
       [4 <./figures/scanpath.pdf>]
Missing character: There is no Œ in font ptmr7t!
Missing character: There is no ± in font ptmr7t!
Missing character: There is no Œ in font ptmr7t!
Missing character: There is no ± in font ptmr7t!
Missing character: There is no Œ in font ptmr7t!
Missing character: There is no ± in font ptmr7t!

Underfull \hbox (badness 2134) in paragraph at lines 449--452
\OT1/ptm/m/n/10 la-tion once and ex-tract $\OML/cmm/m/it/10 $\OT1/ptm/m/n/10 -
complexes for varying---user
 []

<figures/alphapatch.pdf, id=326, 264.99pt x 76.285pt>
File: figures/alphapatch.pdf Graphic file (type pdf)

<use figures/alphapatch.pdf>
Package pdftex.def Info: figures/alphapatch.pdf used on input line 454.
(pdftex.def)             Requested size: 256.0748pt x 73.72397pt.

Overfull \hbox (12.09242pt too wide) in paragraph at lines 454--454
 [] 
 []


Underfull \vbox (badness 10000) has occurred while \output is active []

Missing character: There is no ‚ in font ptmr7t!
Missing character: There is no Ä in font ptmr7t!
Missing character: There is no ô in font ptmr7t!

Underfull \vbox (badness 10000) has occurred while \output is active []

pdfTeX warning (ext4): destination with the same identifier (name{page.}) has b
een already used, duplicate ignored
<to be read again> 
                   \relax 
l.507 \emph{Motif Search.}
                           Recurrence plots facilitate pattern-based analysi...
[5 <./figures/spatial.pdf> <./figures/alphapatch.pdf>]
LaTeX Font Info:    Try loading font information for OT1+pcr on input line 585.


(/usr/local/texlive/2014/texmf-dist/tex/latex/psnfss/ot1pcr.fd
File: ot1pcr.fd 2001/06/04 font definitions for OT1/pcr.
)
LaTeX Font Info:    Font shape `OT1/pcr/bx/n' in size <8> not available
(Font)              Font shape `OT1/pcr/b/n' tried instead on input line 585.

Underfull \hbox (badness 1331) in paragraph at lines 592--592
[][]\secfnt ILLUSTRATION OF USE: VI-SUAL SEARCH IN EMER-
 []

Missing character: There is no ‚ in font ptmr7t!
Missing character: There is no Ä in font ptmr7t!
Missing character: There is no ú in font ptmr7t!
Missing character: There is no ‚ in font ptmr7t!
Missing character: There is no Ä in font ptmr7t!
Missing character: There is no ù in font ptmr7t!
LaTeX Font Info:    Font shape `OT1/ptm/bx/n' in size <10> not available
(Font)              Font shape `OT1/ptm/b/n' tried instead on input line 616.

LaTeX Warning: Reference `Fig8' on page \thepage  undefined on input line 616.

<figures/rqaComparison.pdf, id=371, 581.17125pt x 303.1325pt>
File: figures/rqaComparison.pdf Graphic file (type pdf)

<use figures/rqaComparison.pdf>
Package pdftex.def Info: figures/rqaComparison.pdf used on input line 624.
(pdftex.def)             Requested size: 256.0748pt x 133.56834pt.

Overfull \hbox (12.09242pt too wide) in paragraph at lines 624--624
 [] 
 []

Missing character: There is no √ in font ptmr7t!
Missing character: There is no ó in font ptmr7t!
Missing character: There is no ‚ in font ptmr7t!
Missing character: There is no Ä in font ptmr7t!
Missing character: There is no ô in font ptmr7t!
pdfTeX warning (ext4): destination with the same identifier (name{page.}) has b
een already used, duplicate ignored
<to be read again> 
                   \relax 
l.644 
       [6]
Underfull \vbox (badness 6927) has occurred while \output is active []

Missing character: There is no ‚ in font ptmri7t!
Missing character: There is no Ä in font ptmri7t!
Missing character: There is no î in font ptmri7t!
Missing character: There is no ‚ in font ptmri7t!
Missing character: There is no Ä in font ptmri7t!
Missing character: There is no î in font ptmri7t!

<figures/time2.pdf, id=404, 465.38766pt x 247.62914pt>
File: figures/time2.pdf Graphic file (type pdf)
 <use figures/time2.pdf>
Package pdftex.def Info: figures/time2.pdf used on input line 698.
(pdftex.def)             Requested size: 204.8567pt x 109.00249pt.

<figures/motifs2.pdf, id=405, 833.1125pt x 762.85pt>
File: figures/motifs2.pdf Graphic file (type pdf)
 <use figures/motifs2.pdf>
Package pdftex.def Info: figures/motifs2.pdf used on input line 703.
(pdftex.def)             Requested size: 256.0748pt x 234.47896pt.

Overfull \hbox (12.09242pt too wide) in paragraph at lines 703--703
 [] 
 []


Underfull \vbox (badness 10000) has occurred while \output is active []

pdfTeX warning (ext4): destination with the same identifier (name{page.}) has b
een already used, duplicate ignored
<to be read again> 
                   \relax 
l.716 \subsection{Visual Micro-Foraging}
                                         [7 <./figures/rqaComparison.pdf>]
Package epstopdf Info: Source file: <figures/dummy.eps>
(epstopdf)                    date: 2015-04-14 22:14:58
(epstopdf)                    size: 11606 bytes
(epstopdf)             Output file: <figures/dummy-eps-converted-to.pdf>
(epstopdf)                    date: 2015-04-14 22:14:58
(epstopdf)                    size: 5953 bytes
(epstopdf)             Command: <repstopdf --outfile=figures/dummy-eps-converte
d-to.pdf figures/dummy.eps>
(epstopdf)             \includegraphics on input line 741.
Package epstopdf Info: Output file is already uptodate.

<figures/dummy-eps-converted-to.pdf, id=547, 475.7775pt x 318.18875pt>
File: figures/dummy-eps-converted-to.pdf Graphic file (type pdf)

<use figures/dummy-eps-converted-to.pdf>
Package pdftex.def Info: figures/dummy-eps-converted-to.pdf used on input line 
741.
(pdftex.def)             Requested size: 409.72124pt x 274.02539pt.


LaTeX Warning: Reference `fig11' on page \thepage  undefined on input line 745.



LaTeX Warning: Reference `fig11' on page \thepage  undefined on input line 747.


Missing character: There is no ‚ in font ptmr7t!
Missing character: There is no Ä in font ptmr7t!
Missing character: There is no ô in font ptmr7t!

LaTeX Warning: Citation `Stephens_1986)' on page \thepage  undefined on input l
ine 762.

Package epstopdf Info: Source file: <figures/dummy.eps>
(epstopdf)                    date: 2015-04-14 22:14:58
(epstopdf)                    size: 11606 bytes
(epstopdf)             Output file: <figures/dummy-eps-converted-to.pdf>
(epstopdf)                    date: 2015-04-14 22:14:58
(epstopdf)                    size: 5953 bytes
(epstopdf)             Command: <repstopdf --outfile=figures/dummy-eps-converte
d-to.pdf figures/dummy.eps>
(epstopdf)             \includegraphics on input line 767.
Package epstopdf Info: Output file is already uptodate.
File: figures/dummy-eps-converted-to.pdf Graphic file (type pdf)
<use figures/dummy-eps-converted-to.pdf>
Package pdftex.def Info: figures/dummy-eps-converted-to.pdf used on input line 
767.
(pdftex.def)             Requested size: 256.0748pt x 171.26587pt.

Overfull \hbox (12.09242pt too wide) in paragraph at lines 767--767
 [] 
 []


LaTeX Warning: Reference `section:scanpath' on page \thepage  undefined on inpu
t line 771.


Underfull \vbox (badness 2875) has occurred while \output is active []

pdfTeX warning (ext4): destination with the same identifier (name{page.}) has b
een already used, duplicate ignored
<to be read again> 
                   \relax 
l.775 
       [8 <./figures/time2.pdf> <./figures/motifs2.pdf> <./figures/dummy-eps-co
nverted-to.pdf>]
Underfull \hbox (badness 10000) in paragraph at lines 795--798

 []

Missing character: There is no ‚ in font ptmr7t!
Missing character: There is no Ä in font ptmr7t!
Missing character: There is no ô in font ptmr7t!

Underfull \hbox (badness 10000) in paragraph at lines 821--823

 []


Underfull \hbox (badness 10000) in paragraph at lines 824--825

 []


Underfull \hbox (badness 10000) in paragraph at lines 827--829

 []

Missing character: There is no ‚ in font ptmr7t!
Missing character: There is no Ä in font ptmr7t!
Missing character: There is no ô in font ptmr7t!
Missing character: There is no ‚ in font ptmr7t!
Missing character: There is no Ä in font ptmr7t!
Missing character: There is no î in font ptmr7t!
pdfTeX warning (ext4): destination with the same identifier (name{page.}) has b
een already used, duplicate ignored
<to be read again> 
                   \relax 
l.855 
       [9]
Package epstopdf Info: Source file: <figures/dummy.eps>
(epstopdf)                    date: 2015-04-14 22:14:58
(epstopdf)                    size: 11606 bytes
(epstopdf)             Output file: <figures/dummy-eps-converted-to.pdf>
(epstopdf)                    date: 2015-04-14 22:14:58
(epstopdf)                    size: 5953 bytes
(epstopdf)             Command: <repstopdf --outfile=figures/dummy-eps-converte
d-to.pdf figures/dummy.eps>
(epstopdf)             \includegraphics on input line 857.
Package epstopdf Info: Output file is already uptodate.
File: figures/dummy-eps-converted-to.pdf Graphic file (type pdf)
 <use figures/dummy-eps-converted-to.pdf>
Package pdftex.def Info: figures/dummy-eps-converted-to.pdf used on input line 
857.
(pdftex.def)             Requested size: 256.0748pt x 171.26587pt.

Overfull \hbox (12.09242pt too wide) in paragraph at lines 857--857
 [] 
 []


Underfull \vbox (badness 10000) has occurred while \output is active []

pdfTeX warning (ext4): destination with the same identifier (name{page.}) has b
een already used, duplicate ignored
<to be read again> 
                   \relax 
l.910 
       [10] (./verp.bbl
Missing character: There is no √ in font ptmr7t!
Missing character: There is no º in font ptmr7t!
Missing character: There is no ‚ in font ptmr7t!
Missing character: There is no Ä in font ptmr7t!
Missing character: There is no î in font ptmr7t!
pdfTeX warning (ext4): destination with the same identifier (name{page.}) has b
een already used, duplicate ignored
<to be read again> 
                   \relax 
l.180 
       [11])
Package atveryend Info: Empty hook `BeforeClearDocument' on input line 915.
pdfTeX warning (ext4): destination with the same identifier (name{page.}) has b
een already used, duplicate ignored
<to be read again> 
                   \relax 
l.915 \end{document}
                     [12

]
Package atveryend Info: Empty hook `AfterLastShipout' on input line 915.
 (./verp.aux)
Package atveryend Info: Empty hook `AtVeryEndDocument' on input line 915.
Package atveryend Info: Executing hook `AtEndAfterFileList' on input line 915.
Package rerunfilecheck Info: File `verp.out' has not changed.
(rerunfilecheck)             Checksum: 102147CB3D348DFE82812C6669E62AAA;1348.


LaTeX Warning: There were undefined references.

Package atveryend Info: Empty hook `AtVeryVeryEnd' on input line 915.
 ) 
Here is how much of TeX's memory you used:
 6452 strings out of 493117
 92872 string characters out of 6135433
 187476 words of memory out of 5000000
 9713 multiletter control sequences out of 15000+600000
 30983 words of font info for 71 fonts, out of 8000000 for 9000
 1141 hyphenation exceptions out of 8191
 41i,14n,31p,485b,414s stack positions out of 5000i,500n,10000p,200000b,80000s
pdfTeX warning (dest): name{section*.22} has been referenced but does not exi
st, replaced by a fixed one

pdfTeX warning (dest): name{section*.21} has been referenced but does not exist
, replaced by a fixed one

pdfTeX warning (dest): name{section*.19} has been referenced but does not exist
, replaced by a fixed one

pdfTeX warning (dest): name{section*.14} has been referenced but does not exist
, replaced by a fixed one

pdfTeX warning (dest): name{section*.7} has been referenced but does not exist,
 replaced by a fixed one

pdfTeX warning (dest): name{section*.3} has been referenced but does not exist,
 replaced by a fixed one

{/usr/local/texlive/2014/texmf-dist/fonts/enc/dvips/base/8r.enc}</usr/local/tex
live/2014/texmf-dist/fonts/type1/public/amsfonts/cm/cmex10.pfb></usr/local/texl
ive/2014/texmf-dist/fonts/type1/public/amsfonts/cm/cmmi10.pfb></usr/local/texli
ve/2014/texmf-dist/fonts/type1/public/amsfonts/cm/cmmi5.pfb></usr/local/texlive
/2014/texmf-dist/fonts/type1/public/amsfonts/cm/cmmi7.pfb></usr/local/texlive/2
014/texmf-dist/fonts/type1/public/amsfonts/cm/cmr10.pfb></usr/local/texlive/201
4/texmf-dist/fonts/type1/public/amsfonts/cm/cmr5.pfb></usr/local/texlive/2014/t
exmf-dist/fonts/type1/public/amsfonts/cm/cmr7.pfb></usr/local/texlive/2014/texm
f-dist/fonts/type1/public/amsfonts/cm/cmsy10.pfb></usr/local/texlive/2014/texmf
-dist/fonts/type1/public/amsfonts/cm/cmsy7.pfb></usr/local/texlive/2014/texmf-d
ist/fonts/type1/urw/courier/ucrb8a.pfb></usr/local/texlive/2014/texmf-dist/font
s/type1/urw/helvetic/uhvb8a.pfb></usr/local/texlive/2014/texmf-dist/fonts/type1
/urw/times/utmb8a.pfb></usr/local/texlive/2014/texmf-dist/fonts/type1/urw/times
/utmr8a.pfb></usr/local/texlive/2014/texmf-dist/fonts/type1/urw/times/utmri8a.p
fb>
Output written on verp.pdf (12 pages, 1377930 bytes).
PDF statistics:
 670 PDF objects out of 1000 (max. 8388607)
 527 compressed objects within 6 object streams
 91 named destinations out of 1000 (max. 500000)
 216 words of extra memory for PDF output out of 10000 (max. 10000000)

