\BOOKMARK [1][-]{section*.3}{Visual-Cognitive Interaction}{}% 1
\BOOKMARK [2][-]{section*.4}{Eye Movements}{section*.3}% 2
\BOOKMARK [2][-]{section*.5}{Visualizing Eye Movements}{section*.3}% 3
\BOOKMARK [2][-]{section*.6}{Recurrence Plots}{section*.3}% 4
\BOOKMARK [1][-]{section*.7}{Design of The VERP Explorer}{}% 5
\BOOKMARK [2][-]{section*.8}{Heat Maps, Focus Maps, and Scatter Plots}{section*.7}% 6
\BOOKMARK [2][-]{section*.9}{Scan Paths}{section*.7}% 7
\BOOKMARK [2][-]{section*.10}{Alpha Patches}{section*.7}% 8
\BOOKMARK [2][-]{section*.11}{Interaction Techniques}{section*.7}% 9
\BOOKMARK [2][-]{section*.12}{Recurrence Quantification Analysis}{section*.7}% 10
\BOOKMARK [2][-]{section*.13}{Implementation}{section*.7}% 11
\BOOKMARK [1][-]{section*.14}{Illustration of Use: Visual Search in Emergency Medical Checklists}{}% 12
\BOOKMARK [2][-]{section*.15}{Comparing Two Checklist Formats}{section*.14}% 13
\BOOKMARK [2][-]{section*.16}{Visual Micro-Foraging}{section*.14}% 14
\BOOKMARK [2][-]{section*.17}{Verbal Micro-Narratives}{section*.14}% 15
\BOOKMARK [2][-]{section*.18}{Gremlins}{section*.14}% 16
\BOOKMARK [1][-]{section*.19}{Conclusion}{}% 17
\BOOKMARK [2][-]{section*.20}{Visual Search Narrative Analysis}{section*.19}% 18
\BOOKMARK [1][-]{section*.21}{Acknowledgments}{}% 19
\BOOKMARK [1][-]{section*.22}{REFERENCES }{}% 20
